<?xml version="1.0" encoding="UTF-8"?>
<!-- Generated by org.testng.reporters.JUnitReportReporter -->
<testsuite hostname="DESKTOP-QNHJ5Q7" name="TestNG_Example.TestNG_Sample" tests="4" failures="0" timestamp="25 Oct 2022 03:34:07 GMT" time="0.013" errors="0">
  <testcase name="verifyLogout" time="0.001" classname="TestNG_Example.TestNG_Sample"/>
  <testcase name="verifyLogin" time="0.009" classname="TestNG_Example.TestNG_Sample"/>
  <testcase name="verifyAddItems" time="0.001" classname="TestNG_Example.TestNG_Sample"/>
  <testcase name="verifyPayment" time="0.002" classname="TestNG_Example.TestNG_Sample"/>
</testsuite> <!-- TestNG_Example.TestNG_Sample -->
