<?xml version="1.0" encoding="UTF-8"?>
<!-- Generated by org.testng.reporters.JUnitReportReporter -->
<testsuite hostname="DESKTOP-QNHJ5Q7" name="XPathAdvanced.XPath_Adv1" tests="1" failures="0" timestamp="2 Nov 2022 17:37:02 GMT" time="4.146" errors="0">
  <testcase name="verifySeeMoreTest" time="4.146" classname="XPathAdvanced.XPath_Adv1"/>
</testsuite> <!-- XPathAdvanced.XPath_Adv1 -->
