<?xml version="1.0" encoding="UTF-8"?>
<!-- Generated by org.testng.reporters.JUnitReportReporter -->
<testsuite hostname="DESKTOP-QNHJ5Q7" name="TestNG_Example.Amazon_MoveTo" tests="1" failures="0" timestamp="27 Oct 2022 04:13:04 GMT" time="1.815" errors="0">
  <testcase name="verifyDeleteFeature" time="1.815" classname="TestNG_Example.Amazon_MoveTo"/>
</testsuite> <!-- TestNG_Example.Amazon_MoveTo -->
