<?xml version="1.0" encoding="UTF-8"?>
<!-- Generated by org.testng.reporters.JUnitReportReporter -->
<testsuite hostname="DESKTOP-QNHJ5Q7" failures="0" tests="1" name="XPathAdvanced.XPath_Adv1" time="4.224" errors="0" timestamp="2022-11-02T11:09:10 PDT" skipped="0">
  <testcase classname="XPathAdvanced.XPath_Adv1" name="verifySeeMoreTest" time="4.224"/>
</testsuite> <!-- XPathAdvanced.XPath_Adv1 -->
